Traceback (most recent call last):
  File "/usr/local/lib/python3.10/dist-packages/jupyter_cache/executors/utils.py", line 58, in single_nb_execution
    executenb(
  File "/usr/local/lib/python3.10/dist-packages/nbclient/client.py", line 1305, in execute
    return NotebookClient(nb=nb, resources=resources, km=km, **kwargs).execute()
  File "/usr/local/lib/python3.10/dist-packages/jupyter_core/utils/__init__.py", line 173, in wrapped
    return loop.run_until_complete(inner)
  File "/usr/lib/python3.10/asyncio/base_events.py", line 649, in run_until_complete
    return future.result()
  File "/usr/local/lib/python3.10/dist-packages/nbclient/client.py", line 705, in async_execute
    await self.async_execute_cell(
  File "/usr/local/lib/python3.10/dist-packages/nbclient/client.py", line 1058, in async_execute_cell
    await self._check_raise_for_error(cell, cell_index, exec_reply)
  File "/usr/local/lib/python3.10/dist-packages/nbclient/client.py", line 914, in _check_raise_for_error
    raise CellExecutionError.from_cell_and_msg(cell, exec_reply_content)
nbclient.exceptions.CellExecutionError: An error occurred while executing the following cell:
------------------
import requests
from bs4 import BeautifulSoup
import nltk

# Unduh konten halaman web berita
url = "https://www.antaranews.com/berita/3803331/kaesang-psi-tidak-ingin-ikut-campur-urusan-gibran-dengan-pdip"
response = requests.get(url)
html = response.text

# Parsing halaman web menggunakan BeautifulSoup
soup = BeautifulSoup(html, 'html.parser')

# Ekstraksi teks dari elemen-elemen yang berisi berita
article = soup.find('div' ,class_="post-content clearfix")  # Sesuaikan dengan struktur HTML halaman web berita
article_text = article.get_text()

# Tokenisasi teks menjadi kalimat menggunakan nltk
nltk.download('punkt')  # Pastikan Anda sudah mengunduh tokenisasi kalimat nltk
sentences = nltk.sent_tokenize(article_text)

# Cetak kalimat-kalimat
for sentence in sentences:
    print(sentence)

------------------


[0;31m---------------------------------------------------------------------------[0m
[0;31mAttributeError[0m                            Traceback (most recent call last)
[0;32m<ipython-input-1-e5ea5becb547>[0m in [0;36m<cell line: 15>[0;34m()[0m
[1;32m     13[0m [0;31m# Ekstraksi teks dari elemen-elemen yang berisi berita[0m[0;34m[0m[0;34m[0m[0m
[1;32m     14[0m [0marticle[0m [0;34m=[0m [0msoup[0m[0;34m.[0m[0mfind[0m[0;34m([0m[0;34m'div'[0m [0;34m,[0m[0mclass_[0m[0;34m=[0m[0;34m"post-content clearfix"[0m[0;34m)[0m  [0;31m# Sesuaikan dengan struktur HTML halaman web berita[0m[0;34m[0m[0;34m[0m[0m
[0;32m---> 15[0;31m [0marticle_text[0m [0;34m=[0m [0marticle[0m[0;34m.[0m[0mget_text[0m[0;34m([0m[0;34m)[0m[0;34m[0m[0;34m[0m[0m
[0m[1;32m     16[0m [0;34m[0m[0m
[1;32m     17[0m [0;31m# Tokenisasi teks menjadi kalimat menggunakan nltk[0m[0;34m[0m[0;34m[0m[0m

[0;31mAttributeError[0m: 'NoneType' object has no attribute 'get_text'

